Determining if the pthread_create exist failed with the following output:
Change Dir: /home/austin/IMU_ana/duckiefloat/build/CMakeFiles/CMakeTmp

Run Build Command:"/usr/bin/make" "cmTC_495cb/fast"
/usr/bin/make -f CMakeFiles/cmTC_495cb.dir/build.make CMakeFiles/cmTC_495cb.dir/build
make[1]: Entering directory '/home/austin/IMU_ana/duckiefloat/build/CMakeFiles/CMakeTmp'
Building C object CMakeFiles/cmTC_495cb.dir/CheckSymbolExists.c.o
/usr/bin/cc    -o CMakeFiles/cmTC_495cb.dir/CheckSymbolExists.c.o   -c /home/austin/IMU_ana/duckiefloat/build/CMakeFiles/CMakeTmp/CheckSymbolExists.c
Linking C executable cmTC_495cb
/usr/bin/cmake -E cmake_link_script CMakeFiles/cmTC_495cb.dir/link.txt --verbose=1
/usr/bin/cc      -rdynamic CMakeFiles/cmTC_495cb.dir/CheckSymbolExists.c.o  -o cmTC_495cb 
CMakeFiles/cmTC_495cb.dir/CheckSymbolExists.c.o: In function `main':
CheckSymbolExists.c:(.text+0x1b): undefined reference to `pthread_create'
collect2: error: ld returned 1 exit status
CMakeFiles/cmTC_495cb.dir/build.make:97: recipe for target 'cmTC_495cb' failed
make[1]: *** [cmTC_495cb] Error 1
make[1]: Leaving directory '/home/austin/IMU_ana/duckiefloat/build/CMakeFiles/CMakeTmp'
Makefile:126: recipe for target 'cmTC_495cb/fast' failed
make: *** [cmTC_495cb/fast] Error 2

File /home/austin/IMU_ana/duckiefloat/build/CMakeFiles/CMakeTmp/CheckSymbolExists.c:
/* */
#include <pthread.h>

int main(int argc, char** argv)
{
  (void)argv;
#ifndef pthread_create
  return ((int*)(&pthread_create))[argc];
#else
  (void)argc;
  return 0;
#endif
}

Determining if the function pthread_create exists in the pthreads failed with the following output:
Change Dir: /home/austin/IMU_ana/duckiefloat/build/CMakeFiles/CMakeTmp

Run Build Command:"/usr/bin/make" "cmTC_c304c/fast"
/usr/bin/make -f CMakeFiles/cmTC_c304c.dir/build.make CMakeFiles/cmTC_c304c.dir/build
make[1]: Entering directory '/home/austin/IMU_ana/duckiefloat/build/CMakeFiles/CMakeTmp'
Building C object CMakeFiles/cmTC_c304c.dir/CheckFunctionExists.c.o
/usr/bin/cc   -DCHECK_FUNCTION_EXISTS=pthread_create   -o CMakeFiles/cmTC_c304c.dir/CheckFunctionExists.c.o   -c /usr/share/cmake-3.10/Modules/CheckFunctionExists.c
Linking C executable cmTC_c304c
/usr/bin/cmake -E cmake_link_script CMakeFiles/cmTC_c304c.dir/link.txt --verbose=1
/usr/bin/cc  -DCHECK_FUNCTION_EXISTS=pthread_create    -rdynamic CMakeFiles/cmTC_c304c.dir/CheckFunctionExists.c.o  -o cmTC_c304c -lpthreads 
/usr/bin/ld: cannot find -lpthreads
collect2: error: ld returned 1 exit status
CMakeFiles/cmTC_c304c.dir/build.make:97: recipe for target 'cmTC_c304c' failed
make[1]: *** [cmTC_c304c] Error 1
make[1]: Leaving directory '/home/austin/IMU_ana/duckiefloat/build/CMakeFiles/CMakeTmp'
Makefile:126: recipe for target 'cmTC_c304c/fast' failed
make: *** [cmTC_c304c/fast] Error 2


